<?xml version="1.0" encoding="UTF-8"?>
<!-- Generated by org.testng.reporters.JUnitReportReporter -->
<testsuite hostname="DESKTOP-RIU8V9I" failures="0" tests="1" name="Parallel_classes.Data_provider_excel2" time="0.000" errors="0" timestamp="23 Nov 2021 13:09:58 GMT" skipped="1">
  <testcase classname="Parallel_classes.Data_provider_excel2" name="Mainmethod" time="0.000">
    <skipped/>
  </testcase> <!-- Mainmethod -->
</testsuite> <!-- Parallel_classes.Data_provider_excel2 -->
