<?xml version="1.0" encoding="UTF-8"?>
<!-- Generated by org.testng.reporters.JUnitReportReporter -->
<testsuite hostname="DESKTOP-RIU8V9I" failures="0" tests="1" name="JavaScript_Executors.JavaScript_SendKeys" time="19.185" errors="0" timestamp="17 Nov 2021 00:05:25 GMT" skipped="0">
  <testcase classname="JavaScript_Executors.JavaScript_SendKeys" name="Mainmethod" time="19.185"/>
</testsuite> <!-- JavaScript_Executors.JavaScript_SendKeys -->
