<?xml version="1.0" encoding="UTF-8"?>
<!-- Generated by org.testng.reporters.JUnitReportReporter -->
<testsuite hostname="DESKTOP-RIU8V9I" failures="0" tests="3" name="Data_provider.Data_provider" time="57.588" errors="0" timestamp="10 Nov 2021 11:03:29 GMT" skipped="0">
  <testcase classname="Data_provider.Data_provider" name="Mainmethod" time="19.157"/>
  <testcase classname="Data_provider.Data_provider" name="Mainmethod" time="20.187"/>
  <testcase classname="Data_provider.Data_provider" name="Mainmethod" time="18.244"/>
</testsuite> <!-- Data_provider.Data_provider -->
