<?xml version="1.0" encoding="UTF-8"?>
<!-- Generated by org.testng.reporters.JUnitReportReporter -->
<testsuite hostname="DESKTOP-RIU8V9I" failures="0" tests="1" name="photo_upload.Photo_Upload" time="40.202" errors="0" timestamp="27 Nov 2021 13:08:06 GMT" skipped="0">
  <testcase classname="photo_upload.Photo_Upload" name="PhotoUpload" time="40.202"/>
</testsuite> <!-- photo_upload.Photo_Upload -->
