<?xml version="1.0" encoding="UTF-8"?>
<!-- Generated by org.testng.reporters.JUnitReportReporter -->
<testsuite hostname="DESKTOP-RIU8V9I" failures="0" tests="1" name="OrangeHRMpractice.Add_skills_locators" time="34.068" errors="0" timestamp="09 Nov 2021 02:32:02 GMT" skipped="0">
  <testcase classname="OrangeHRMpractice.Add_skills_locators" name="Main_method" time="34.068"/>
</testsuite> <!-- OrangeHRMpractice.Add_skills_locators -->
