<?xml version="1.0" encoding="UTF-8"?>
<!-- Generated by org.testng.reporters.JUnitReportReporter -->
<testsuite hostname="DESKTOP-RIU8V9I" failures="0" tests="1" name="OrangeHRMpractice.Add_skills_locators_static2" time="22.051" errors="0" timestamp="10 Nov 2021 01:38:47 GMT" skipped="0">
  <testcase classname="OrangeHRMpractice.Add_skills_locators_static2" name="Main_method" time="22.051"/>
</testsuite> <!-- OrangeHRMpractice.Add_skills_locators_static2 -->
