<?xml version="1.0" encoding="UTF-8"?>
<!-- Generated by org.testng.reporters.JUnitReportReporter -->
<testsuite hostname="DESKTOP-RIU8V9I" failures="0" tests="2" name="Practice.customizable_email" time="44.758" errors="0" timestamp="23 Nov 2021 12:48:12 GMT" skipped="0">
  <testcase classname="Practice.customizable_email" name="Mainmethod" time="20.615"/>
  <testcase classname="Practice.customizable_email" name="Mainmethod" time="24.143"/>
</testsuite> <!-- Practice.customizable_email -->
