<?xml version="1.0" encoding="UTF-8"?>
<!-- Generated by org.testng.reporters.JUnitReportReporter -->
<testsuite hostname="DESKTOP-RIU8V9I" failures="0" tests="1" name="OrangeHRMpractice.HRMlogin" time="12.830" errors="0" timestamp="07 Nov 2021 13:52:44 GMT" skipped="0">
  <testcase classname="OrangeHRMpractice.HRMlogin" name="Mainmethod" time="12.830"/>
</testsuite> <!-- OrangeHRMpractice.HRMlogin -->
