<?xml version="1.0" encoding="UTF-8"?>
<!-- Generated by org.testng.reporters.JUnitReportReporter -->
<testsuite hostname="DESKTOP-RIU8V9I" failures="0" tests="1" name="PageFactory_Model.Add_General_info_PFM" time="12.699" errors="0" timestamp="24 Nov 2021 14:27:46 GMT" skipped="0">
  <testcase classname="PageFactory_Model.Add_General_info_PFM" name="Generalinfo" time="12.699"/>
</testsuite> <!-- PageFactory_Model.Add_General_info_PFM -->
