<?xml version="1.0" encoding="UTF-8"?>
<!-- Generated by org.testng.reporters.JUnitReportReporter -->
<testsuite hostname="DESKTOP-RIU8V9I" failures="0" tests="1" name="photo_upload.File_Upload" time="37.695" errors="0" timestamp="30 Nov 2021 08:55:04 GMT" skipped="0">
  <testcase classname="photo_upload.File_Upload" name="PhotoUpload" time="37.695"/>
</testsuite> <!-- photo_upload.File_Upload -->
