<?xml version="1.0" encoding="UTF-8"?>
<!-- Generated by org.testng.reporters.JUnitReportReporter -->
<testsuite hostname="DESKTOP-RIU8V9I" failures="0" tests="1" name="OrangeHRMpractice.Add_skills_parameters" time="18.853" errors="0" timestamp="07 Nov 2021 15:03:38 GMT" skipped="0">
  <testcase classname="OrangeHRMpractice.Add_skills_parameters" name="Mainmethod" time="18.853"/>
</testsuite> <!-- OrangeHRMpractice.Add_skills_parameters -->
