<?xml version="1.0" encoding="UTF-8"?>
<!-- Generated by org.testng.reporters.JUnitReportReporter -->
<testsuite hostname="DESKTOP-RIU8V9I" failures="0" tests="1" name="Parallel_classes.General_Info" time="18.983" errors="0" timestamp="23 Nov 2021 14:41:29 GMT" skipped="0">
  <testcase classname="Parallel_classes.General_Info" name="Mainmethod" time="18.983"/>
</testsuite> <!-- Parallel_classes.General_Info -->
