<?xml version="1.0" encoding="UTF-8"?>
<!-- Generated by org.testng.reporters.JUnitReportReporter -->
<testsuite hostname="DESKTOP-RIU8V9I" failures="0" tests="1" name="PageObject_Model.Add_Generali_nfo" time="11.547" errors="0" timestamp="24 Nov 2021 11:33:51 GMT" skipped="0">
  <testcase classname="PageObject_Model.Add_Generali_nfo" name="Generalinfo" time="11.547"/>
</testsuite> <!-- PageObject_Model.Add_Generali_nfo -->
