<?xml version="1.0" encoding="UTF-8"?>
<!-- Generated by org.testng.reporters.JUnitReportReporter -->
<testsuite hostname="DESKTOP-RIU8V9I" failures="0" tests="1" name="Practice.Extent_Reports" time="21.494" errors="0" timestamp="14 Nov 2021 10:41:44 GMT" skipped="0">
  <testcase classname="Practice.Extent_Reports" name="Mainmethod" time="21.494"/>
</testsuite> <!-- Practice.Extent_Reports -->
