<?xml version="1.0" encoding="UTF-8"?>
<!-- Generated by org.testng.reporters.JUnitReportReporter -->
<testsuite hostname="DESKTOP-RIU8V9I" failures="0" tests="1" name="OrangeHRMpractice.Add_skills_dropdown" time="28.929" errors="0" timestamp="09 Nov 2021 23:52:48 GMT" skipped="0">
  <testcase classname="OrangeHRMpractice.Add_skills_dropdown" name="Mainmethod" time="28.929"/>
</testsuite> <!-- OrangeHRMpractice.Add_skills_dropdown -->
