<?xml version="1.0" encoding="UTF-8"?>
<!-- Generated by org.testng.reporters.JUnitReportReporter -->
<testsuite hostname="DESKTOP-RIU8V9I" failures="0" tests="1" name="PageObject_Model.Add_Contact_Details" time="13.966" errors="0" timestamp="24 Nov 2021 12:10:46 GMT" skipped="0">
  <testcase classname="PageObject_Model.Add_Contact_Details" name="contact_details" time="13.966"/>
</testsuite> <!-- PageObject_Model.Add_Contact_Details -->
