<?xml version="1.0" encoding="UTF-8"?>
<!-- Generated by org.testng.reporters.JUnitReportReporter -->
<testsuite hostname="DESKTOP-RIU8V9I" failures="0" tests="1" name="Practice.TC01_JavaSE_ScrollByVisibleElement" time="5.651" errors="0" timestamp="16 Nov 2021 12:57:27 GMT" skipped="0">
  <testcase classname="Practice.TC01_JavaSE_ScrollByVisibleElement" name="Login" time="5.651"/>
</testsuite> <!-- Practice.TC01_JavaSE_ScrollByVisibleElement -->
