<?xml version="1.0" encoding="UTF-8"?>
<!-- Generated by org.testng.reporters.JUnitReportReporter -->
<testsuite hostname="DESKTOP-RIU8V9I" failures="0" tests="1" name="File_upload.Photo_Upload" time="0.019" errors="0" timestamp="27 Nov 2021 11:00:03 GMT" skipped="0">
  <testcase classname="File_upload.Photo_Upload" name="PhotoUpload" time="0.019"/>
</testsuite> <!-- File_upload.Photo_Upload -->
