<?xml version="1.0" encoding="UTF-8"?>
<!-- Generated by org.testng.reporters.JUnitReportReporter -->
<testsuite hostname="DESKTOP-RIU8V9I" failures="0" tests="1" name="photo_upload.Photo_Upload_Excel" time="37.384" errors="0" timestamp="30 Nov 2021 09:17:45 GMT" skipped="0">
  <testcase classname="photo_upload.Photo_Upload_Excel" name="PhotoUpload" time="37.384"/>
</testsuite> <!-- photo_upload.Photo_Upload_Excel -->
