<?xml version="1.0" encoding="UTF-8"?>
<!-- Generated by org.testng.reporters.JUnitReportReporter -->
<testsuite hostname="DESKTOP-RIU8V9I" failures="0" tests="1" name="Parallel_Methods.General_info_parameters_static" time="22.192" errors="0" timestamp="23 Nov 2021 14:34:31 GMT" skipped="0">
  <testcase classname="Parallel_Methods.General_info_parameters_static" name="Contact_details" time="22.192"/>
</testsuite> <!-- Parallel_Methods.General_info_parameters_static -->
