<?xml version="1.0" encoding="UTF-8"?>
<!-- Generated by org.testng.reporters.JUnitReportReporter -->
<testsuite hostname="DESKTOP-RIU8V9I" failures="0" tests="3" name="Data_provider.Data_provider_excel_irow" time="24.502" errors="0" timestamp="01 Dec 2021 14:52:06 GMT" skipped="0">
  <testcase classname="Data_provider.Data_provider_excel_irow" name="Mainmethod" time="17.688"/>
  <testcase classname="Data_provider.Data_provider_excel_irow" name="Mainmethod" time="3.445"/>
  <testcase classname="Data_provider.Data_provider_excel_irow" name="Mainmethod" time="3.369"/>
</testsuite> <!-- Data_provider.Data_provider_excel_irow -->
