<?xml version="1.0" encoding="UTF-8"?>
<!-- Generated by org.testng.reporters.JUnitReportReporter -->
<testsuite hostname="DESKTOP-RIU8V9I" failures="0" tests="1" name="JavaScript_Executors.JavaScript_login_VisibleElements" time="16.234" errors="0" timestamp="16 Nov 2021 14:08:05 GMT" skipped="0">
  <testcase classname="JavaScript_Executors.JavaScript_login_VisibleElements" name="Mainmethod" time="16.234"/>
</testsuite> <!-- JavaScript_Executors.JavaScript_login_VisibleElements -->
