<?xml version="1.0" encoding="UTF-8"?>
<!-- Generated by org.testng.reporters.JUnitReportReporter -->
<testsuite hostname="DESKTOP-RIU8V9I" failures="0" tests="2" name="Parallel_Methods.General_info_parameters_static2" time="37.221" errors="0" timestamp="25 Nov 2021 07:39:31 GMT" skipped="0">
  <testcase classname="Parallel_Methods.General_info_parameters_static2" name="Contact_details" time="19.042"/>
  <testcase classname="Parallel_Methods.General_info_parameters_static2" name="General_Info" time="18.179"/>
</testsuite> <!-- Parallel_Methods.General_info_parameters_static2 -->
