<?xml version="1.0" encoding="UTF-8"?>
<!-- Generated by org.testng.reporters.JUnitReportReporter -->
<testsuite hostname="DESKTOP-RIU8V9I" failures="0" tests="1" name="OrangeHRMpractice.Add_skills" time="19.448" errors="0" timestamp="07 Nov 2021 14:26:06 GMT" skipped="0">
  <testcase classname="OrangeHRMpractice.Add_skills" name="Mainmethod" time="19.448"/>
</testsuite> <!-- OrangeHRMpractice.Add_skills -->
