<?xml version="1.0" encoding="UTF-8"?>
<!-- Generated by org.testng.reporters.JUnitReportReporter -->
<testsuite hostname="DESKTOP-RIU8V9I" failures="0" tests="1" name="customized_emailable_report.customized_emailable_report1" time="21.738" errors="0" timestamp="14 Nov 2021 05:59:59 GMT" skipped="0">
  <testcase classname="customized_emailable_report.customized_emailable_report1" name="Mainmethod" time="21.738"/>
</testsuite> <!-- customized_emailable_report.customized_emailable_report1 -->
