<?xml version="1.0" encoding="UTF-8"?>
<!-- Generated by org.testng.reporters.JUnitReportReporter -->
<testsuite hostname="DESKTOP-RIU8V9I" failures="0" tests="2" name="Data_provider.Data_provider_excel" time="30.371" errors="0" timestamp="23 Nov 2021 13:13:39 GMT" skipped="0">
  <testcase classname="Data_provider.Data_provider_excel" name="Mainmethod" time="16.243"/>
  <testcase classname="Data_provider.Data_provider_excel" name="Mainmethod" time="14.128"/>
</testsuite> <!-- Data_provider.Data_provider_excel -->
