<?xml version="1.0" encoding="UTF-8"?>
<!-- Generated by org.testng.reporters.JUnitReportReporter -->
<testsuite hostname="DESKTOP-RIU8V9I" failures="0" tests="1" name="Extent_report.Extent_Reportt" time="23.569" errors="0" timestamp="14 Nov 2021 09:48:56 GMT" skipped="0">
  <testcase classname="Extent_report.Extent_Reportt" name="MainMethod" time="23.569"/>
</testsuite> <!-- Extent_report.Extent_Reportt -->
