<?xml version="1.0" encoding="UTF-8"?>
<!-- Generated by org.testng.reporters.JUnitReportReporter -->
<testsuite hostname="DESKTOP-RIU8V9I" failures="0" tests="1" name="Practice.JavaScript_ScrollByP_Pixel" time="7.313" errors="0" timestamp="17 Nov 2021 00:46:16 GMT" skipped="0">
  <testcase classname="Practice.JavaScript_ScrollByP_Pixel" name="Mainmethod" time="7.313"/>
</testsuite> <!-- Practice.JavaScript_ScrollByP_Pixel -->
