<?xml version="1.0" encoding="UTF-8"?>
<!-- Generated by org.testng.reporters.JUnitReportReporter -->
<testsuite hostname="DESKTOP-RIU8V9I" failures="0" tests="1" name="Practice.JavaScriptExecutor_VisibleText" time="7.549" errors="0" timestamp="16 Nov 2021 13:03:53 GMT" skipped="0">
  <testcase classname="Practice.JavaScriptExecutor_VisibleText" name="Mainmethod" time="7.549"/>
</testsuite> <!-- Practice.JavaScriptExecutor_VisibleText -->
