<?xml version="1.0" encoding="UTF-8"?>
<!-- Generated by org.testng.reporters.JUnitReportReporter -->
<testsuite hostname="DESKTOP-RIU8V9I" failures="0" tests="1" name="Locators.Add_skills_locators_static2" time="19.206" errors="0" timestamp="11 Nov 2021 01:06:53 GMT" skipped="0">
  <testcase classname="Locators.Add_skills_locators_static2" name="Main_method" time="19.206"/>
</testsuite> <!-- Locators.Add_skills_locators_static2 -->
