<?xml version="1.0" encoding="UTF-8"?>
<!-- Generated by org.testng.reporters.JUnitReportReporter -->
<testsuite hostname="DESKTOP-RIU8V9I" failures="0" tests="1" name="Parallel_classes.ContactDetails_Locators" time="21.849" errors="0" timestamp="23 Nov 2021 14:41:29 GMT" skipped="0">
  <testcase classname="Parallel_classes.ContactDetails_Locators" name="Main_method" time="21.849"/>
</testsuite> <!-- Parallel_classes.ContactDetails_Locators -->
