<?xml version="1.0" encoding="UTF-8"?>
<!-- Generated by org.testng.reporters.JUnitReportReporter -->
<testsuite hostname="DESKTOP-RIU8V9I" failures="0" tests="3" name="Dataprovider_browserCompatability.browsercompatability_excel" time="80.961" errors="0" timestamp="23 Nov 2021 13:23:52 GMT" skipped="0">
  <testcase classname="Dataprovider_browserCompatability.browsercompatability_excel" name="MainMethod" time="19.446"/>
  <testcase classname="Dataprovider_browserCompatability.browsercompatability_excel" name="MainMethod" time="41.912"/>
  <testcase classname="Dataprovider_browserCompatability.browsercompatability_excel" name="MainMethod" time="19.603"/>
</testsuite> <!-- Dataprovider_browserCompatability.browsercompatability_excel -->
