<?xml version="1.0" encoding="UTF-8"?>
<!-- Generated by org.testng.reporters.JUnitReportReporter -->
<testsuite hostname="DESKTOP-RIU8V9I" failures="0" tests="1" name="FailedTestCases.Personal_Details" time="35.308" errors="0" timestamp="25 Nov 2021 15:14:12 GMT" skipped="0">
  <testcase classname="FailedTestCases.Personal_Details" name="Mainmethod" time="35.308"/>
</testsuite> <!-- FailedTestCases.Personal_Details -->
