<?xml version="1.0" encoding="UTF-8"?>
<!-- Generated by org.testng.reporters.JUnitReportReporter -->
<testsuite hostname="DESKTOP-RIU8V9I" failures="0" tests="1" name="FailedTestCases.ContactDetails_static" time="89.896" errors="0" timestamp="25 Nov 2021 15:11:29 GMT" skipped="0">
  <testcase classname="FailedTestCases.ContactDetails_static" name="Main_method" time="89.896"/>
</testsuite> <!-- FailedTestCases.ContactDetails_static -->
