<?xml version="1.0" encoding="UTF-8"?>
<!-- Generated by org.testng.reporters.JUnitReportReporter -->
<testsuite hostname="DESKTOP-RIU8V9I" failures="0" tests="2" name="Data_provider.Data_provider2" time="44.900" errors="0" timestamp="12 Nov 2021 00:56:00 GMT" skipped="0">
  <testcase classname="Data_provider.Data_provider2" name="Mainmethod" time="22.772"/>
  <testcase classname="Data_provider.Data_provider2" name="Mainmethod" time="22.128"/>
</testsuite> <!-- Data_provider.Data_provider2 -->
