<?xml version="1.0" encoding="UTF-8"?>
<!-- Generated by org.testng.reporters.JUnitReportReporter -->
<testsuite hostname="DESKTOP-RIU8V9I" failures="0" tests="1" name="OrangeHRMpractice.Add_skills_parameters_static" time="20.123" errors="0" timestamp="07 Nov 2021 15:11:08 GMT" skipped="0">
  <testcase classname="OrangeHRMpractice.Add_skills_parameters_static" name="Mainmethod" time="20.123"/>
</testsuite> <!-- OrangeHRMpractice.Add_skills_parameters_static -->
