<?xml version="1.0" encoding="UTF-8"?>
<!-- Generated by org.testng.reporters.JUnitReportReporter -->
<testsuite hostname="DESKTOP-RIU8V9I" failures="0" tests="1" name="Parallel_Tests.JavaScript_ScrollByP_Pixel" time="10.557" errors="0" timestamp="23 Nov 2021 14:41:29 GMT" skipped="0">
  <testcase classname="Parallel_Tests.JavaScript_ScrollByP_Pixel" name="Mainmethod" time="10.557"/>
</testsuite> <!-- Parallel_Tests.JavaScript_ScrollByP_Pixel -->
