<?xml version="1.0" encoding="UTF-8"?>
<!-- Generated by org.testng.reporters.JUnitReportReporter -->
<testsuite hostname="DESKTOP-RIU8V9I" failures="0" tests="1" name="FailedTestCases.General_info_parameters_static" time="92.443" errors="0" timestamp="25 Nov 2021 15:11:29 GMT" skipped="0">
  <testcase classname="FailedTestCases.General_info_parameters_static" name="Mainmethod" time="92.443"/>
</testsuite> <!-- FailedTestCases.General_info_parameters_static -->
